c:\work\pgameengine\output\windows\library\debug\enginemodule.pdb
c:\work\pgameengine\project\source\runtime\engine\enginemodule.dir\debug\gameengine.obj
c:\work\pgameengine\project\source\runtime\engine\enginemodule.dir\debug\gamemode.obj
c:\work\pgameengine\project\source\runtime\engine\enginemodule.dir\debug\pgameobject.obj
c:\work\pgameengine\project\source\runtime\engine\enginemodule.dir\debug\transformcomponent.obj
c:\work\pgameengine\project\source\runtime\engine\enginemodule.dir\debug\precompiled.obj
c:\work\pgameengine\project\source\runtime\engine\enginemodule.dir\debug\cameraobject.obj
c:\work\pgameengine\project\source\runtime\engine\enginemodule.dir\debug\actor.obj
c:\work\pgameengine\project\source\runtime\engine\enginemodule.dir\debug\inputmanager.obj
c:\work\pgameengine\project\source\runtime\engine\enginemodule.dir\debug\texture.obj
c:\work\pgameengine\project\source\runtime\engine\enginemodule.dir\debug\skmesh.obj
c:\work\pgameengine\project\source\runtime\engine\enginemodule.dir\debug\mesh.obj
c:\work\pgameengine\project\source\runtime\engine\enginemodule.dir\debug\gameobjectfactory.obj
c:\work\pgameengine\project\source\runtime\engine\enginemodule.dir\debug\gameobject.obj
c:\work\pgameengine\project\source\runtime\engine\enginemodule.dir\debug\bone.obj
c:\work\pgameengine\project\source\runtime\engine\enginemodule.dir\debug\gamelog.obj
c:\work\pgameengine\project\source\runtime\engine\enginemodule.dir\debug\character.obj
c:\work\pgameengine\project\source\runtime\engine\enginemodule.dir\debug\animation.obj
c:\work\pgameengine\project\source\runtime\engine\enginemodule.dir\debug\stb_vorbis.obj
c:\work\pgameengine\output\windows\library\debug\enginemodule.lib
c:\work\pgameengine\project\..\output\windows\library\debug\enginemodule.pdb
c:\work\pgameengine\project\source\runtime\engine\enginemodule.dir\debug\enginemodule.tlog\cl.command.1.tlog
c:\work\pgameengine\project\source\runtime\engine\enginemodule.dir\debug\enginemodule.tlog\cl.items.tlog
c:\work\pgameengine\project\source\runtime\engine\enginemodule.dir\debug\enginemodule.tlog\cl.read.1.tlog
c:\work\pgameengine\project\source\runtime\engine\enginemodule.dir\debug\enginemodule.tlog\cl.write.1.tlog
c:\work\pgameengine\project\source\runtime\engine\enginemodule.dir\debug\enginemodule.tlog\lib-link.read.1.tlog
c:\work\pgameengine\project\source\runtime\engine\enginemodule.dir\debug\enginemodule.tlog\lib-link.write.1.tlog
c:\work\pgameengine\project\source\runtime\engine\enginemodule.dir\debug\enginemodule.tlog\lib.command.1.tlog
