  SoftRenderer.cpp
  SoftRendererGraphics.cpp
  SystemInputManager.cpp
  WindowsApp.cpp
  코드를 생성하고 있습니다...
AssetLoaderModule.lib(fbxsystemunit.obj) : warning LNK4099: '' PDB를 'AssetLoaderModule.lib(fbxsystemunit.obj)' 또는 ''에서 찾을 수 없습니다. 디버그 정보가 없는 것처럼 개체를 링크합니다.
AssetLoaderModule.lib(fbxtime.obj) : warning LNK4099: '' PDB를 'AssetLoaderModule.lib(fbxtime.obj)' 또는 ''에서 찾을 수 없습니다. 디버그 정보가 없는 것처럼 개체를 링크합니다.
AssetLoaderModule.lib(fbxreader3ds.obj) : warning LNK4099: '' PDB를 'AssetLoaderModule.lib(fbxreader3ds.obj)' 또는 ''에서 찾을 수 없습니다. 디버그 정보가 없는 것처럼 개체를 링크합니다.
AssetLoaderModule.lib(fbxwriter3ds.obj) : warning LNK4099: '' PDB를 'AssetLoaderModule.lib(fbxwriter3ds.obj)' 또는 ''에서 찾을 수 없습니다. 디버그 정보가 없는 것처럼 개체를 링크합니다.
AssetLoaderModule.lib(fbxfileacclaimasf.obj) : warning LNK4099: '' PDB를 'AssetLoaderModule.lib(fbxfileacclaimasf.obj)' 또는 ''에서 찾을 수 없습니다. 디버그 정보가 없는 것처럼 개체를 링크합니다.
AssetLoaderModule.lib(fbxcolladaelement.obj) : warning LNK4099: '' PDB를 'AssetLoaderModule.lib(fbxcolladaelement.obj)' 또는 ''에서 찾을 수 없습니다. 디버그 정보가 없는 것처럼 개체를 링크합니다.
AssetLoaderModule.lib(fbxcolladautils.obj) : warning LNK4099: '' PDB를 'AssetLoaderModule.lib(fbxcolladautils.obj)' 또는 ''에서 찾을 수 없습니다. 디버그 정보가 없는 것처럼 개체를 링크합니다.
AssetLoaderModule.lib(fbxreadercollada14.obj) : warning LNK4099: '' PDB를 'AssetLoaderModule.lib(fbxreadercollada14.obj)' 또는 ''에서 찾을 수 없습니다. 디버그 정보가 없는 것처럼 개체를 링크합니다.
AssetLoaderModule.lib(fbxwritercollada14.obj) : warning LNK4099: '' PDB를 'AssetLoaderModule.lib(fbxwritercollada14.obj)' 또는 ''에서 찾을 수 없습니다. 디버그 정보가 없는 것처럼 개체를 링크합니다.
AssetLoaderModule.lib(fbxreaderfbx5.obj) : warning LNK4099: '' PDB를 'AssetLoaderModule.lib(fbxreaderfbx5.obj)' 또는 ''에서 찾을 수 없습니다. 디버그 정보가 없는 것처럼 개체를 링크합니다.
AssetLoaderModule.lib(fbxreaderfbx6.obj) : warning LNK4099: '' PDB를 'AssetLoaderModule.lib(fbxreaderfbx6.obj)' 또는 ''에서 찾을 수 없습니다. 디버그 정보가 없는 것처럼 개체를 링크합니다.
AssetLoaderModule.lib(fbxreaderfbx7.obj) : warning LNK4099: '' PDB를 'AssetLoaderModule.lib(fbxreaderfbx7.obj)' 또는 ''에서 찾을 수 없습니다. 디버그 정보가 없는 것처럼 개체를 링크합니다.
AssetLoaderModule.lib(fbxwriterfbx5.obj) : warning LNK4099: '' PDB를 'AssetLoaderModule.lib(fbxwriterfbx5.obj)' 또는 ''에서 찾을 수 없습니다. 디버그 정보가 없는 것처럼 개체를 링크합니다.
AssetLoaderModule.lib(fbxwriterfbx6.obj) : warning LNK4099: '' PDB를 'AssetLoaderModule.lib(fbxwriterfbx6.obj)' 또는 ''에서 찾을 수 없습니다. 디버그 정보가 없는 것처럼 개체를 링크합니다.
AssetLoaderModule.lib(fbxwriterfbx7.obj) : warning LNK4099: '' PDB를 'AssetLoaderModule.lib(fbxwriterfbx7.obj)' 또는 ''에서 찾을 수 없습니다. 디버그 정보가 없는 것처럼 개체를 링크합니다.
AssetLoaderModule.lib(fbxfilemotionanalysistrc.obj) : warning LNK4099: '' PDB를 'AssetLoaderModule.lib(fbxfilemotionanalysistrc.obj)' 또는 ''에서 찾을 수 없습니다. 디버그 정보가 없는 것처럼 개체를 링크합니다.
AssetLoaderModule.lib(fbxwriterobj.obj) : warning LNK4099: '' PDB를 'AssetLoaderModule.lib(fbxwriterobj.obj)' 또는 ''에서 찾을 수 없습니다. 디버그 정보가 없는 것처럼 개체를 링크합니다.
AssetLoaderModule.lib(fbxanimcurvefilterunroll.obj) : warning LNK4099: '' PDB를 'AssetLoaderModule.lib(fbxanimcurvefilterunroll.obj)' 또는 ''에서 찾을 수 없습니다. 디버그 정보가 없는 것처럼 개체를 링크합니다.
AssetLoaderModule.lib(fbxanimevalclassic.obj) : warning LNK4099: '' PDB를 'AssetLoaderModule.lib(fbxanimevalclassic.obj)' 또는 ''에서 찾을 수 없습니다. 디버그 정보가 없는 것처럼 개체를 링크합니다.
AssetLoaderModule.lib(kfcurve.obj) : warning LNK4099: '' PDB를 'AssetLoaderModule.lib(kfcurve.obj)' 또는 ''에서 찾을 수 없습니다. 디버그 정보가 없는 것처럼 개체를 링크합니다.
AssetLoaderModule.lib(kfcurvefilterunroll.obj) : warning LNK4099: '' PDB를 'AssetLoaderModule.lib(kfcurvefilterunroll.obj)' 또는 ''에서 찾을 수 없습니다. 디버그 정보가 없는 것처럼 개체를 링크합니다.
AssetLoaderModule.lib(kfcurveglobal.obj) : warning LNK4099: '' PDB를 'AssetLoaderModule.lib(kfcurveglobal.obj)' 또는 ''에서 찾을 수 없습니다. 디버그 정보가 없는 것처럼 개체를 링크합니다.
AssetLoaderModule.lib(fbxcharacter.obj) : warning LNK4099: '' PDB를 'AssetLoaderModule.lib(fbxcharacter.obj)' 또는 ''에서 찾을 수 없습니다. 디버그 정보가 없는 것처럼 개체를 링크합니다.
AssetLoaderModule.lib(fbxconstraint.obj) : warning LNK4099: '' PDB를 'AssetLoaderModule.lib(fbxconstraint.obj)' 또는 ''에서 찾을 수 없습니다. 디버그 정보가 없는 것처럼 개체를 링크합니다.
AssetLoaderModule.lib(fbxblendshapechannel.obj) : warning LNK4099: '' PDB를 'AssetLoaderModule.lib(fbxblendshapechannel.obj)' 또는 ''에서 찾을 수 없습니다. 디버그 정보가 없는 것처럼 개체를 링크합니다.
AssetLoaderModule.lib(fbxcamera.obj) : warning LNK4099: '' PDB를 'AssetLoaderModule.lib(fbxcamera.obj)' 또는 ''에서 찾을 수 없습니다. 디버그 정보가 없는 것처럼 개체를 링크합니다.
AssetLoaderModule.lib(fbxlight.obj) : warning LNK4099: '' PDB를 'AssetLoaderModule.lib(fbxlight.obj)' 또는 ''에서 찾을 수 없습니다. 디버그 정보가 없는 것처럼 개체를 링크합니다.
AssetLoaderModule.lib(fbxlodgroup.obj) : warning LNK4099: '' PDB를 'AssetLoaderModule.lib(fbxlodgroup.obj)' 또는 ''에서 찾을 수 없습니다. 디버그 정보가 없는 것처럼 개체를 링크합니다.
AssetLoaderModule.lib(fbxmarker.obj) : warning LNK4099: '' PDB를 'AssetLoaderModule.lib(fbxmarker.obj)' 또는 ''에서 찾을 수 없습니다. 디버그 정보가 없는 것처럼 개체를 링크합니다.
AssetLoaderModule.lib(fbxnull.obj) : warning LNK4099: '' PDB를 'AssetLoaderModule.lib(fbxnull.obj)' 또는 ''에서 찾을 수 없습니다. 디버그 정보가 없는 것처럼 개체를 링크합니다.
AssetLoaderModule.lib(fbxskeleton.obj) : warning LNK4099: '' PDB를 'AssetLoaderModule.lib(fbxskeleton.obj)' 또는 ''에서 찾을 수 없습니다. 디버그 정보가 없는 것처럼 개체를 링크합니다.
AssetLoaderModule.lib(fbxbindingoperator.obj) : warning LNK4099: '' PDB를 'AssetLoaderModule.lib(fbxbindingoperator.obj)' 또는 ''에서 찾을 수 없습니다. 디버그 정보가 없는 것처럼 개체를 링크합니다.
AssetLoaderModule.lib(fbxgeometryconverter.obj) : warning LNK4099: '' PDB를 'AssetLoaderModule.lib(fbxgeometryconverter.obj)' 또는 ''에서 찾을 수 없습니다. 디버그 정보가 없는 것처럼 개체를 링크합니다.
AssetLoaderModule.lib(awGeomTopoMesh.obj) : warning LNK4099: '' PDB를 'AssetLoaderModule.lib(awGeomTopoMesh.obj)' 또는 ''에서 찾을 수 없습니다. 디버그 정보가 없는 것처럼 개체를 링크합니다.
AssetLoaderModule.lib(awUtilInitializer.obj) : warning LNK4099: '' PDB를 'AssetLoaderModule.lib(awUtilInitializer.obj)' 또는 ''에서 찾을 수 없습니다. 디버그 정보가 없는 것처럼 개체를 링크합니다.
AssetLoaderModule.lib(awCacheChannel.obj) : warning LNK4099: '' PDB를 'AssetLoaderModule.lib(awCacheChannel.obj)' 또는 ''에서 찾을 수 없습니다. 디버그 정보가 없는 것처럼 개체를 링크합니다.
AssetLoaderModule.lib(awOSFSAllocator.obj) : warning LNK4099: '' PDB를 'AssetLoaderModule.lib(awOSFSAllocator.obj)' 또는 ''에서 찾을 수 없습니다. 디버그 정보가 없는 것처럼 개체를 링크합니다.
AssetLoaderModule.lib(ArraySample.obj) : warning LNK4099: '' PDB를 'AssetLoaderModule.lib(ArraySample.obj)' 또는 ''에서 찾을 수 없습니다. 디버그 정보가 없는 것처럼 개체를 링크합니다.
AssetLoaderModule.lib(AwImpl.obj) : warning LNK4099: '' PDB를 'AssetLoaderModule.lib(AwImpl.obj)' 또는 ''에서 찾을 수 없습니다. 디버그 정보가 없는 것처럼 개체를 링크합니다.
AssetLoaderModule.lib(CpwData.obj) : warning LNK4099: '' PDB를 'AssetLoaderModule.lib(CpwData.obj)' 또는 ''에서 찾을 수 없습니다. 디버그 정보가 없는 것처럼 개체를 링크합니다.
AssetLoaderModule.lib(MetaDataMap.obj) : warning LNK4099: '' PDB를 'AssetLoaderModule.lib(MetaDataMap.obj)' 또는 ''에서 찾을 수 없습니다. 디버그 정보가 없는 것처럼 개체를 링크합니다.
AssetLoaderModule.lib(OwData.obj) : warning LNK4099: '' PDB를 'AssetLoaderModule.lib(OwData.obj)' 또는 ''에서 찾을 수 없습니다. 디버그 정보가 없는 것처럼 개체를 링크합니다.
AssetLoaderModule.lib(ReadUtil.obj) : warning LNK4099: '' PDB를 'AssetLoaderModule.lib(ReadUtil.obj)' 또는 ''에서 찾을 수 없습니다. 디버그 정보가 없는 것처럼 개체를 링크합니다.
AssetLoaderModule.lib(WriteUtil.obj) : warning LNK4099: '' PDB를 'AssetLoaderModule.lib(WriteUtil.obj)' 또는 ''에서 찾을 수 없습니다. 디버그 정보가 없는 것처럼 개체를 링크합니다.
AssetLoaderModule.lib(IFactory.obj) : warning LNK4099: '' PDB를 'AssetLoaderModule.lib(IFactory.obj)' 또는 ''에서 찾을 수 없습니다. 디버그 정보가 없는 것처럼 개체를 링크합니다.
AssetLoaderModule.lib(IXform.obj) : warning LNK4099: '' PDB를 'AssetLoaderModule.lib(IXform.obj)' 또는 ''에서 찾을 수 없습니다. 디버그 정보가 없는 것처럼 개체를 링크합니다.
AssetLoaderModule.lib(IGroup.obj) : warning LNK4099: '' PDB를 'AssetLoaderModule.lib(IGroup.obj)' 또는 ''에서 찾을 수 없습니다. 디버그 정보가 없는 것처럼 개체를 링크합니다.
AssetLoaderModule.lib(OGroup.obj) : warning LNK4099: '' PDB를 'AssetLoaderModule.lib(OGroup.obj)' 또는 ''에서 찾을 수 없습니다. 디버그 정보가 없는 것처럼 개체를 링크합니다.
AssetLoaderModule.lib(OStream.obj) : warning LNK4099: '' PDB를 'AssetLoaderModule.lib(OStream.obj)' 또는 ''에서 찾을 수 없습니다. 디버그 정보가 없는 것처럼 개체를 링크합니다.
  PGameEnginePlayer.vcxproj -> C:\Work\PGameEngine\Output\Windows\Binary\Debug\PGameEnginePlayer.exe
