c:\work\pgameengine\project\source\player\pgameengineplayer\pgameengineplayer.dir\debug\vc143.pdb
c:\work\pgameengine\project\source\player\pgameengineplayer\pgameengineplayer.dir\debug\windowsapp.obj
c:\work\pgameengine\project\source\player\pgameengineplayer\pgameengineplayer.dir\debug\softrenderer.obj
c:\work\pgameengine\project\source\player\pgameengineplayer\pgameengineplayer.dir\debug\softrenderergraphics.obj
c:\work\pgameengine\project\source\player\pgameengineplayer\pgameengineplayer.dir\debug\systeminputmanager.obj
c:\work\pgameengine\project\source\player\pgameengineplayer\pgameengineplayer.dir\debug\precompiled.obj
c:\work\pgameengine\output\windows\binary\debug\pgameengineplayer.exe
c:\work\pgameengine\project\source\player\pgameengineplayer\pgameengineplayer.dir\debug\pgameengineplayer.ilk
c:\work\pgameengine\output\windows\binary\debug\pgameengineplayer.pdb
c:\work\pgameengine\project\source\player\pgameengineplayer\pgameengineplayer.dir\debug\player.res
c:\work\pgameengine\project\..\output\windows\binary\debug\pgameengineplayer.pdb
c:\work\pgameengine\project\source\player\pgameengineplayer\pgameengineplayer.dir\debug\pgameeng.af2b1d9a.tlog\cl.command.1.tlog
c:\work\pgameengine\project\source\player\pgameengineplayer\pgameengineplayer.dir\debug\pgameeng.af2b1d9a.tlog\cl.items.tlog
c:\work\pgameengine\project\source\player\pgameengineplayer\pgameengineplayer.dir\debug\pgameeng.af2b1d9a.tlog\cl.read.1.tlog
c:\work\pgameengine\project\source\player\pgameengineplayer\pgameengineplayer.dir\debug\pgameeng.af2b1d9a.tlog\cl.write.1.tlog
c:\work\pgameengine\project\source\player\pgameengineplayer\pgameengineplayer.dir\debug\pgameeng.af2b1d9a.tlog\link.command.1.tlog
c:\work\pgameengine\project\source\player\pgameengineplayer\pgameengineplayer.dir\debug\pgameeng.af2b1d9a.tlog\link.read.1.tlog
c:\work\pgameengine\project\source\player\pgameengineplayer\pgameengineplayer.dir\debug\pgameeng.af2b1d9a.tlog\link.write.1.tlog
c:\work\pgameengine\project\source\player\pgameengineplayer\pgameengineplayer.dir\debug\pgameeng.af2b1d9a.tlog\rc.command.1.tlog
c:\work\pgameengine\project\source\player\pgameengineplayer\pgameengineplayer.dir\debug\pgameeng.af2b1d9a.tlog\rc.read.1.tlog
c:\work\pgameengine\project\source\player\pgameengineplayer\pgameengineplayer.dir\debug\pgameeng.af2b1d9a.tlog\rc.write.1.tlog
