  FBXLoader.cpp
Source\Private\FBXLoader.cpp(196,121): warning C4244: '인수': 'T'에서 'float'(으)로 변환하면서 데이터가 손실될 수 있습니다.
          with
          [
              T=fbxsdk::FbxDouble
          ]
Source\Private\FBXLoader.cpp(196,92): warning C4244: '인수': 'T'에서 'float'(으)로 변환하면서 데이터가 손실될 수 있습니다.
          with
          [
              T=fbxsdk::FbxDouble
          ]
Source\Private\FBXLoader.cpp(196,63): warning C4244: '인수': 'T'에서 'float'(으)로 변환하면서 데이터가 손실될 수 있습니다.
          with
          [
              T=fbxsdk::FbxDouble
          ]
C:\Program Files\Microsoft Visual Studio\2022\Community\VC\Tools\MSVC\14.36.32532\include\utility(275,16): warning C4244: '초기화 중': '_Ty'에서 '_Ty1'(으)로 변환하면서 데이터가 손실될 수 있습니다.
          with
          [
              _Ty=double
          ]
          and
          [
              _Ty1=float
          ]
Source\Private\FBXLoader.cpp(228,53): message : 컴파일되는 함수 템플릿 인스턴스화 'std::pair<float,int>::pair<double,int,0>(std::pair<double,int> &&) noexcept'에 대한 참조를 확인하세요.
Source\Private\FBXLoader.cpp(228,38): message : 'FBXLoader::LoadMesh'에서 'std::pair<float,int>::pair'에 대한 첫 번째 참조를 확인하세요.
  AssetLoader.vcxproj -> C:\Work\PGameEngine\Output\Windows\Library\Debug\AssetLoaderModule.lib
