c:\work\pgameengine\output\windows\library\debug\mathmodule.pdb
c:\work\pgameengine\project\source\runtime\math\mathmodule.dir\debug\vector4.obj
c:\work\pgameengine\project\source\runtime\math\mathmodule.dir\debug\vector3.obj
c:\work\pgameengine\project\source\runtime\math\mathmodule.dir\debug\vector2.obj
c:\work\pgameengine\project\source\runtime\math\mathmodule.dir\debug\transform.obj
c:\work\pgameengine\project\source\runtime\math\mathmodule.dir\debug\sphere.obj
c:\work\pgameengine\project\source\runtime\math\mathmodule.dir\debug\rotator.obj
c:\work\pgameengine\project\source\runtime\math\mathmodule.dir\debug\rectangle.obj
c:\work\pgameengine\project\source\runtime\math\mathmodule.dir\debug\quaternion.obj
c:\work\pgameengine\project\source\runtime\math\mathmodule.dir\debug\plane.obj
c:\work\pgameengine\project\source\runtime\math\mathmodule.dir\debug\matrix4x4.obj
c:\work\pgameengine\project\source\runtime\math\mathmodule.dir\debug\matrix3x3.obj
c:\work\pgameengine\project\source\runtime\math\mathmodule.dir\debug\matrix2x2.obj
c:\work\pgameengine\project\source\runtime\math\mathmodule.dir\debug\math.obj
c:\work\pgameengine\project\source\runtime\math\mathmodule.dir\debug\linearcolor.obj
c:\work\pgameengine\project\source\runtime\math\mathmodule.dir\debug\frustum.obj
c:\work\pgameengine\project\source\runtime\math\mathmodule.dir\debug\color32.obj
c:\work\pgameengine\project\source\runtime\math\mathmodule.dir\debug\circle.obj
c:\work\pgameengine\project\source\runtime\math\mathmodule.dir\debug\box.obj
c:\work\pgameengine\project\source\runtime\math\mathmodule.dir\debug\precompiled.obj
c:\work\pgameengine\output\windows\library\debug\mathmodule.lib
c:\work\pgameengine\project\..\output\windows\library\debug\mathmodule.pdb
c:\work\pgameengine\project\source\runtime\math\mathmodule.dir\debug\mathmodule.tlog\cl.command.1.tlog
c:\work\pgameengine\project\source\runtime\math\mathmodule.dir\debug\mathmodule.tlog\cl.items.tlog
c:\work\pgameengine\project\source\runtime\math\mathmodule.dir\debug\mathmodule.tlog\cl.read.1.tlog
c:\work\pgameengine\project\source\runtime\math\mathmodule.dir\debug\mathmodule.tlog\cl.write.1.tlog
c:\work\pgameengine\project\source\runtime\math\mathmodule.dir\debug\mathmodule.tlog\lib-link.read.1.tlog
c:\work\pgameengine\project\source\runtime\math\mathmodule.dir\debug\mathmodule.tlog\lib-link.write.1.tlog
c:\work\pgameengine\project\source\runtime\math\mathmodule.dir\debug\mathmodule.tlog\lib.command.1.tlog
